2025-09-26 20:12:36 [main] INFO  c.b.i.InventoryServiceApplication - Starting InventoryServiceApplication using Java 17.0.12 with PID 26124 (C:\Users\USER\IdeaProjects\bms-edge\inventory-service\target\inventory-service-1.0.0.jar started by USER in C:\Users\USER\IdeaProjects\bms-edge\inventory-service)
2025-09-26 20:12:36 [main] INFO  c.b.i.InventoryServiceApplication - No active profile set, falling back to 1 default profile: "default"
2025-09-26 20:12:38 [main] INFO  o.s.d.r.c.RepositoryConfigurationDelegate - Bootstrapping Spring Data JPA repositories in DEFAULT mode.
2025-09-26 20:12:38 [main] INFO  o.s.d.r.c.RepositoryConfigurationDelegate - Finished Spring Data repository scanning in 135 ms. Found 10 JPA repository interfaces.
2025-09-26 20:12:39 [main] INFO  o.s.b.w.e.tomcat.TomcatWebServer - Tomcat initialized with port 8082 (http)
2025-09-26 20:12:39 [main] INFO  o.a.catalina.core.StandardService - Starting service [Tomcat]
2025-09-26 20:12:39 [main] INFO  o.a.catalina.core.StandardEngine - Starting Servlet engine: [Apache Tomcat/10.1.16]
2025-09-26 20:12:39 [main] INFO  o.a.c.c.C.[Tomcat].[localhost].[/] - Initializing Spring embedded WebApplicationContext
2025-09-26 20:12:39 [main] INFO  o.s.b.w.s.c.ServletWebServerApplicationContext - Root WebApplicationContext: initialization completed in 2673 ms
2025-09-26 20:12:40 [main] INFO  o.s.o.j.p.SpringPersistenceUnitInfo - No LoadTimeWeaver setup: ignoring JPA class transformer
2025-09-26 20:12:40 [main] WARN  org.hibernate.orm.deprecation - HHH90000025: PostgreSQLDialect does not need to be specified explicitly using 'hibernate.dialect' (remove the property setting and it will be selected by default)
2025-09-26 20:12:43 [main] INFO  com.zaxxer.hikari.HikariDataSource - InventoryHikariPool - Starting...
2025-09-26 20:12:45 [main] INFO  com.zaxxer.hikari.pool.HikariPool - InventoryHikariPool - Added connection org.postgresql.jdbc.PgConnection@1abd1a28
2025-09-26 20:12:45 [main] INFO  com.zaxxer.hikari.HikariDataSource - InventoryHikariPool - Start completed.
2025-09-26 20:12:50 [main] INFO  o.s.o.j.LocalContainerEntityManagerFactoryBean - Initialized JPA EntityManagerFactory for persistence unit 'default'
2025-09-26 20:12:51 [main] INFO  o.s.d.j.r.query.QueryEnhancerFactory - Hibernate is in classpath; If applicable, HQL parser will be used.
2025-09-26 20:12:54 [main] WARN  o.s.b.a.s.s.UserDetailsServiceAutoConfiguration - 

Using generated security password: b17398fe-248f-45f6-a1ef-b987cbc52a41

This generated password is for development use only. Your security configuration must be updated before running your application in production.

2025-09-26 20:12:55 [main] INFO  o.s.b.w.e.tomcat.TomcatWebServer - Tomcat started on port 8082 (http) with context path ''
2025-09-26 20:12:55 [main] INFO  c.b.i.InventoryServiceApplication - Started InventoryServiceApplication in 20.221 seconds (process running for 21.201)
2025-09-26 20:13:37 [SpringApplicationShutdownHook] INFO  o.s.o.j.LocalContainerEntityManagerFactoryBean - Closing JPA EntityManagerFactory for persistence unit 'default'
2025-09-26 20:13:37 [SpringApplicationShutdownHook] INFO  com.zaxxer.hikari.HikariDataSource - InventoryHikariPool - Shutdown initiated...
2025-09-26 20:13:38 [SpringApplicationShutdownHook] INFO  com.zaxxer.hikari.HikariDataSource - InventoryHikariPool - Shutdown completed.
